{"/Users/priyanshvatsal/Desktop/Assignment/InstaGramClone/src/Utility/index.tsx": {"path":"/Users/priyanshvatsal/Desktop/Assignment/InstaGramClone/src/Utility/index.tsx","statementMap":{"0":{"start":{"line":6,"column":28},"end":{"line":15,"column":1}},"1":{"start":{"line":7,"column":2},"end":{"line":7,"column":21}},"2":{"start":{"line":8,"column":2},"end":{"line":14,"column":3}},"3":{"start":{"line":9,"column":4},"end":{"line":9,"column":52}},"4":{"start":{"line":10,"column":9},"end":{"line":14,"column":3}},"5":{"start":{"line":11,"column":4},"end":{"line":11,"column":72}},"6":{"start":{"line":13,"column":4},"end":{"line":13,"column":16}},"7":{"start":{"line":17,"column":31},"end":{"line":30,"column":1}},"8":{"start":{"line":18,"column":2},"end":{"line":29,"column":5}},"9":{"start":{"line":19,"column":4},"end":{"line":28,"column":9}},"10":{"start":{"line":24,"column":8},"end":{"line":24,"column":39}},"11":{"start":{"line":27,"column":8},"end":{"line":27,"column":17}},"12":{"start":{"line":32,"column":30},"end":{"line":63,"column":1}},"13":{"start":{"line":37,"column":2},"end":{"line":62,"column":5}},"14":{"start":{"line":38,"column":4},"end":{"line":61,"column":11}},"15":{"start":{"line":46,"column":6},"end":{"line":46,"column":22}},"16":{"start":{"line":48,"column":6},"end":{"line":61,"column":11}},"17":{"start":{"line":57,"column":10},"end":{"line":57,"column":29}},"18":{"start":{"line":60,"column":10},"end":{"line":60,"column":26}},"19":{"start":{"line":65,"column":30},"end":{"line":90,"column":1}},"20":{"start":{"line":68,"column":2},"end":{"line":89,"column":5}},"21":{"start":{"line":69,"column":4},"end":{"line":88,"column":11}},"22":{"start":{"line":70,"column":6},"end":{"line":70,"column":22}},"23":{"start":{"line":72,"column":6},"end":{"line":88,"column":11}},"24":{"start":{"line":77,"column":25},"end":{"line":77,"column":36}},"25":{"start":{"line":78,"column":10},"end":{"line":84,"column":59}},"26":{"start":{"line":79,"column":12},"end":{"line":83,"column":15}},"27":{"start":{"line":84,"column":15},"end":{"line":84,"column":59}},"28":{"start":{"line":87,"column":10},"end":{"line":87,"column":26}},"29":{"start":{"line":92,"column":24},"end":{"line":122,"column":1}},"30":{"start":{"line":93,"column":2},"end":{"line":121,"column":5}},"31":{"start":{"line":94,"column":4},"end":{"line":120,"column":9}},"32":{"start":{"line":98,"column":23},"end":{"line":98,"column":55}},"33":{"start":{"line":98,"column":44},"end":{"line":98,"column":54}},"34":{"start":{"line":100,"column":8},"end":{"line":116,"column":9}},"35":{"start":{"line":101,"column":28},"end":{"line":106,"column":13}},"36":{"start":{"line":101,"column":48},"end":{"line":106,"column":11}},"37":{"start":{"line":107,"column":10},"end":{"line":113,"column":15}},"38":{"start":{"line":109,"column":14},"end":{"line":109,"column":34}},"39":{"start":{"line":112,"column":14},"end":{"line":112,"column":33}},"40":{"start":{"line":115,"column":10},"end":{"line":115,"column":19}},"41":{"start":{"line":119,"column":8},"end":{"line":119,"column":17}},"42":{"start":{"line":124,"column":37},"end":{"line":137,"column":1}},"43":{"start":{"line":127,"column":2},"end":{"line":136,"column":5}},"44":{"start":{"line":128,"column":25},"end":{"line":128,"column":64}},"45":{"start":{"line":129,"column":4},"end":{"line":135,"column":9}},"46":{"start":{"line":131,"column":8},"end":{"line":131,"column":28}},"47":{"start":{"line":134,"column":8},"end":{"line":134,"column":20}},"48":{"start":{"line":139,"column":41},"end":{"line":159,"column":1}},"49":{"start":{"line":142,"column":2},"end":{"line":158,"column":5}},"50":{"start":{"line":143,"column":4},"end":{"line":157,"column":7}},"51":{"start":{"line":144,"column":31},"end":{"line":144,"column":46}},"52":{"start":{"line":145,"column":6},"end":{"line":156,"column":11}},"53":{"start":{"line":149,"column":10},"end":{"line":152,"column":13}},"54":{"start":{"line":155,"column":10},"end":{"line":155,"column":24}}},"fnMap":{"0":{"name":"(anonymous_0)","decl":{"start":{"line":6,"column":28},"end":{"line":6,"column":29}},"loc":{"start":{"line":6,"column":61},"end":{"line":15,"column":1}},"line":6},"1":{"name":"(anonymous_1)","decl":{"start":{"line":17,"column":31},"end":{"line":17,"column":32}},"loc":{"start":{"line":17,"column":76},"end":{"line":30,"column":1}},"line":17},"2":{"name":"(anonymous_2)","decl":{"start":{"line":18,"column":21},"end":{"line":18,"column":22}},"loc":{"start":{"line":18,"column":42},"end":{"line":29,"column":3}},"line":18},"3":{"name":"(anonymous_3)","decl":{"start":{"line":23,"column":12},"end":{"line":23,"column":13}},"loc":{"start":{"line":23,"column":20},"end":{"line":25,"column":7}},"line":23},"4":{"name":"(anonymous_4)","decl":{"start":{"line":26,"column":13},"end":{"line":26,"column":14}},"loc":{"start":{"line":26,"column":20},"end":{"line":28,"column":7}},"line":26},"5":{"name":"(anonymous_5)","decl":{"start":{"line":32,"column":30},"end":{"line":32,"column":31}},"loc":{"start":{"line":36,"column":22},"end":{"line":63,"column":1}},"line":36},"6":{"name":"(anonymous_6)","decl":{"start":{"line":37,"column":21},"end":{"line":37,"column":22}},"loc":{"start":{"line":37,"column":42},"end":{"line":62,"column":3}},"line":37},"7":{"name":"(anonymous_7)","decl":{"start":{"line":56,"column":14},"end":{"line":56,"column":15}},"loc":{"start":{"line":56,"column":20},"end":{"line":58,"column":9}},"line":56},"8":{"name":"(anonymous_8)","decl":{"start":{"line":59,"column":15},"end":{"line":59,"column":16}},"loc":{"start":{"line":59,"column":22},"end":{"line":61,"column":9}},"line":59},"9":{"name":"(anonymous_9)","decl":{"start":{"line":65,"column":30},"end":{"line":65,"column":31}},"loc":{"start":{"line":67,"column":34},"end":{"line":90,"column":1}},"line":67},"10":{"name":"(anonymous_10)","decl":{"start":{"line":68,"column":21},"end":{"line":68,"column":22}},"loc":{"start":{"line":68,"column":42},"end":{"line":89,"column":3}},"line":68},"11":{"name":"(anonymous_11)","decl":{"start":{"line":76,"column":14},"end":{"line":76,"column":15}},"loc":{"start":{"line":76,"column":22},"end":{"line":85,"column":9}},"line":76},"12":{"name":"(anonymous_12)","decl":{"start":{"line":86,"column":15},"end":{"line":86,"column":16}},"loc":{"start":{"line":86,"column":22},"end":{"line":88,"column":9}},"line":86},"13":{"name":"(anonymous_13)","decl":{"start":{"line":92,"column":24},"end":{"line":92,"column":25}},"loc":{"start":{"line":92,"column":67},"end":{"line":122,"column":1}},"line":92},"14":{"name":"(anonymous_14)","decl":{"start":{"line":93,"column":21},"end":{"line":93,"column":22}},"loc":{"start":{"line":93,"column":42},"end":{"line":121,"column":3}},"line":93},"15":{"name":"(anonymous_15)","decl":{"start":{"line":97,"column":12},"end":{"line":97,"column":13}},"loc":{"start":{"line":97,"column":20},"end":{"line":117,"column":7}},"line":97},"16":{"name":"(anonymous_16)","decl":{"start":{"line":98,"column":37},"end":{"line":98,"column":38}},"loc":{"start":{"line":98,"column":44},"end":{"line":98,"column":54}},"line":98},"17":{"name":"(anonymous_17)","decl":{"start":{"line":101,"column":39},"end":{"line":101,"column":40}},"loc":{"start":{"line":101,"column":48},"end":{"line":106,"column":11}},"line":101},"18":{"name":"(anonymous_18)","decl":{"start":{"line":108,"column":18},"end":{"line":108,"column":19}},"loc":{"start":{"line":108,"column":32},"end":{"line":110,"column":13}},"line":108},"19":{"name":"(anonymous_19)","decl":{"start":{"line":111,"column":19},"end":{"line":111,"column":20}},"loc":{"start":{"line":111,"column":26},"end":{"line":113,"column":13}},"line":111},"20":{"name":"(anonymous_20)","decl":{"start":{"line":118,"column":13},"end":{"line":118,"column":14}},"loc":{"start":{"line":118,"column":20},"end":{"line":120,"column":7}},"line":118},"21":{"name":"(anonymous_21)","decl":{"start":{"line":124,"column":37},"end":{"line":124,"column":38}},"loc":{"start":{"line":126,"column":36},"end":{"line":137,"column":1}},"line":126},"22":{"name":"(anonymous_22)","decl":{"start":{"line":127,"column":21},"end":{"line":127,"column":22}},"loc":{"start":{"line":127,"column":42},"end":{"line":136,"column":3}},"line":127},"23":{"name":"(anonymous_23)","decl":{"start":{"line":130,"column":12},"end":{"line":130,"column":13}},"loc":{"start":{"line":130,"column":50},"end":{"line":132,"column":7}},"line":130},"24":{"name":"(anonymous_24)","decl":{"start":{"line":133,"column":13},"end":{"line":133,"column":14}},"loc":{"start":{"line":133,"column":20},"end":{"line":135,"column":7}},"line":133},"25":{"name":"(anonymous_25)","decl":{"start":{"line":139,"column":41},"end":{"line":139,"column":42}},"loc":{"start":{"line":141,"column":36},"end":{"line":159,"column":1}},"line":141},"26":{"name":"(anonymous_26)","decl":{"start":{"line":142,"column":19},"end":{"line":142,"column":20}},"loc":{"start":{"line":142,"column":33},"end":{"line":158,"column":3}},"line":142},"27":{"name":"(anonymous_27)","decl":{"start":{"line":143,"column":23},"end":{"line":143,"column":24}},"loc":{"start":{"line":143,"column":34},"end":{"line":157,"column":5}},"line":143},"28":{"name":"(anonymous_28)","decl":{"start":{"line":148,"column":14},"end":{"line":148,"column":15}},"loc":{"start":{"line":148,"column":21},"end":{"line":153,"column":9}},"line":148},"29":{"name":"(anonymous_29)","decl":{"start":{"line":154,"column":15},"end":{"line":154,"column":16}},"loc":{"start":{"line":154,"column":22},"end":{"line":156,"column":9}},"line":154}},"branchMap":{"0":{"loc":{"start":{"line":8,"column":2},"end":{"line":14,"column":3}},"type":"if","locations":[{"start":{"line":8,"column":2},"end":{"line":14,"column":3}},{"start":{"line":10,"column":9},"end":{"line":14,"column":3}}],"line":8},"1":{"loc":{"start":{"line":10,"column":9},"end":{"line":14,"column":3}},"type":"if","locations":[{"start":{"line":10,"column":9},"end":{"line":14,"column":3}},{"start":{"line":12,"column":9},"end":{"line":14,"column":3}}],"line":10},"2":{"loc":{"start":{"line":38,"column":4},"end":{"line":61,"column":11}},"type":"if","locations":[{"start":{"line":38,"column":4},"end":{"line":61,"column":11}},{"start":{"line":48,"column":6},"end":{"line":61,"column":11}}],"line":38},"3":{"loc":{"start":{"line":39,"column":6},"end":{"line":44,"column":22}},"type":"binary-expr","locations":[{"start":{"line":39,"column":6},"end":{"line":39,"column":11}},{"start":{"line":40,"column":6},"end":{"line":40,"column":23}},{"start":{"line":41,"column":6},"end":{"line":41,"column":14}},{"start":{"line":42,"column":6},"end":{"line":42,"column":26}},{"start":{"line":43,"column":6},"end":{"line":43,"column":10}},{"start":{"line":44,"column":6},"end":{"line":44,"column":22}}],"line":39},"4":{"loc":{"start":{"line":69,"column":4},"end":{"line":88,"column":11}},"type":"if","locations":[{"start":{"line":69,"column":4},"end":{"line":88,"column":11}},{"start":{"line":72,"column":6},"end":{"line":88,"column":11}}],"line":69},"5":{"loc":{"start":{"line":69,"column":8},"end":{"line":69,"column":40}},"type":"binary-expr","locations":[{"start":{"line":69,"column":8},"end":{"line":69,"column":16}},{"start":{"line":69,"column":20},"end":{"line":69,"column":40}}],"line":69},"6":{"loc":{"start":{"line":78,"column":10},"end":{"line":84,"column":59}},"type":"if","locations":[{"start":{"line":78,"column":10},"end":{"line":84,"column":59}},{"start":{"line":84,"column":15},"end":{"line":84,"column":59}}],"line":78},"7":{"loc":{"start":{"line":100,"column":8},"end":{"line":116,"column":9}},"type":"if","locations":[{"start":{"line":100,"column":8},"end":{"line":116,"column":9}},{"start":{"line":114,"column":15},"end":{"line":116,"column":9}}],"line":100},"8":{"loc":{"start":{"line":100,"column":12},"end":{"line":100,"column":39}},"type":"binary-expr","locations":[{"start":{"line":100,"column":12},"end":{"line":100,"column":18}},{"start":{"line":100,"column":22},"end":{"line":100,"column":39}}],"line":100}},"s":{"0":3,"1":4,"2":4,"3":2,"4":2,"5":1,"6":1,"7":3,"8":0,"9":0,"10":0,"11":0,"12":3,"13":4,"14":4,"15":3,"16":1,"17":1,"18":0,"19":3,"20":4,"21":4,"22":1,"23":3,"24":3,"25":3,"26":2,"27":1,"28":0,"29":3,"30":0,"31":0,"32":0,"33":0,"34":0,"35":0,"36":0,"37":0,"38":0,"39":0,"40":0,"41":0,"42":3,"43":0,"44":0,"45":0,"46":0,"47":0,"48":3,"49":0,"50":0,"51":0,"52":0,"53":0,"54":0},"f":{"0":4,"1":0,"2":0,"3":0,"4":0,"5":4,"6":4,"7":1,"8":0,"9":4,"10":4,"11":3,"12":0,"13":0,"14":0,"15":0,"16":0,"17":0,"18":0,"19":0,"20":0,"21":0,"22":0,"23":0,"24":0,"25":0,"26":0,"27":0,"28":0,"29":0},"b":{"0":[2,2],"1":[1,1],"2":[3,1],"3":[4,3,3,3,2,1],"4":[1,3],"5":[4,3],"6":[2,1],"7":[0,0],"8":[0,0]},"_coverageSchema":"1a1c01bbd47fc00a2c39e90264f33305004495a9","hash":"2be652cfa7accc22ab73155eef9171c30b2e8fb0"}
}
