{"/Users/priyanshvatsal/Desktop/Assignment/InstaGramClone/src/Utility/index.tsx": {"path":"/Users/priyanshvatsal/Desktop/Assignment/InstaGramClone/src/Utility/index.tsx","statementMap":{"0":{"start":{"line":6,"column":28},"end":{"line":15,"column":1}},"1":{"start":{"line":7,"column":2},"end":{"line":7,"column":21}},"2":{"start":{"line":8,"column":2},"end":{"line":14,"column":3}},"3":{"start":{"line":9,"column":4},"end":{"line":9,"column":52}},"4":{"start":{"line":10,"column":9},"end":{"line":14,"column":3}},"5":{"start":{"line":11,"column":4},"end":{"line":11,"column":72}},"6":{"start":{"line":13,"column":4},"end":{"line":13,"column":16}},"7":{"start":{"line":17,"column":31},"end":{"line":30,"column":1}},"8":{"start":{"line":18,"column":2},"end":{"line":29,"column":5}},"9":{"start":{"line":19,"column":4},"end":{"line":28,"column":9}},"10":{"start":{"line":24,"column":8},"end":{"line":24,"column":39}},"11":{"start":{"line":27,"column":8},"end":{"line":27,"column":17}},"12":{"start":{"line":32,"column":30},"end":{"line":53,"column":1}},"13":{"start":{"line":37,"column":2},"end":{"line":52,"column":5}},"14":{"start":{"line":38,"column":4},"end":{"line":51,"column":9}},"15":{"start":{"line":47,"column":8},"end":{"line":47,"column":27}},"16":{"start":{"line":50,"column":8},"end":{"line":50,"column":17}},"17":{"start":{"line":55,"column":30},"end":{"line":77,"column":1}},"18":{"start":{"line":58,"column":2},"end":{"line":76,"column":5}},"19":{"start":{"line":59,"column":4},"end":{"line":75,"column":9}},"20":{"start":{"line":64,"column":23},"end":{"line":64,"column":34}},"21":{"start":{"line":65,"column":8},"end":{"line":71,"column":22}},"22":{"start":{"line":66,"column":10},"end":{"line":70,"column":13}},"23":{"start":{"line":71,"column":13},"end":{"line":71,"column":22}},"24":{"start":{"line":74,"column":8},"end":{"line":74,"column":17}},"25":{"start":{"line":79,"column":24},"end":{"line":109,"column":1}},"26":{"start":{"line":80,"column":2},"end":{"line":108,"column":5}},"27":{"start":{"line":81,"column":4},"end":{"line":107,"column":9}},"28":{"start":{"line":85,"column":23},"end":{"line":85,"column":55}},"29":{"start":{"line":85,"column":44},"end":{"line":85,"column":54}},"30":{"start":{"line":87,"column":8},"end":{"line":103,"column":9}},"31":{"start":{"line":88,"column":28},"end":{"line":93,"column":13}},"32":{"start":{"line":88,"column":48},"end":{"line":93,"column":11}},"33":{"start":{"line":94,"column":10},"end":{"line":100,"column":15}},"34":{"start":{"line":96,"column":14},"end":{"line":96,"column":34}},"35":{"start":{"line":99,"column":14},"end":{"line":99,"column":33}},"36":{"start":{"line":102,"column":10},"end":{"line":102,"column":19}},"37":{"start":{"line":106,"column":8},"end":{"line":106,"column":17}},"38":{"start":{"line":111,"column":37},"end":{"line":124,"column":1}},"39":{"start":{"line":114,"column":2},"end":{"line":123,"column":5}},"40":{"start":{"line":115,"column":25},"end":{"line":115,"column":64}},"41":{"start":{"line":116,"column":4},"end":{"line":122,"column":9}},"42":{"start":{"line":118,"column":8},"end":{"line":118,"column":28}},"43":{"start":{"line":121,"column":8},"end":{"line":121,"column":20}},"44":{"start":{"line":126,"column":41},"end":{"line":146,"column":1}},"45":{"start":{"line":129,"column":2},"end":{"line":145,"column":5}},"46":{"start":{"line":130,"column":4},"end":{"line":144,"column":7}},"47":{"start":{"line":131,"column":31},"end":{"line":131,"column":46}},"48":{"start":{"line":132,"column":6},"end":{"line":143,"column":11}},"49":{"start":{"line":136,"column":10},"end":{"line":139,"column":13}},"50":{"start":{"line":142,"column":10},"end":{"line":142,"column":24}}},"fnMap":{"0":{"name":"(anonymous_0)","decl":{"start":{"line":6,"column":28},"end":{"line":6,"column":29}},"loc":{"start":{"line":6,"column":61},"end":{"line":15,"column":1}},"line":6},"1":{"name":"(anonymous_1)","decl":{"start":{"line":17,"column":31},"end":{"line":17,"column":32}},"loc":{"start":{"line":17,"column":76},"end":{"line":30,"column":1}},"line":17},"2":{"name":"(anonymous_2)","decl":{"start":{"line":18,"column":21},"end":{"line":18,"column":22}},"loc":{"start":{"line":18,"column":42},"end":{"line":29,"column":3}},"line":18},"3":{"name":"(anonymous_3)","decl":{"start":{"line":23,"column":12},"end":{"line":23,"column":13}},"loc":{"start":{"line":23,"column":20},"end":{"line":25,"column":7}},"line":23},"4":{"name":"(anonymous_4)","decl":{"start":{"line":26,"column":13},"end":{"line":26,"column":14}},"loc":{"start":{"line":26,"column":20},"end":{"line":28,"column":7}},"line":26},"5":{"name":"(anonymous_5)","decl":{"start":{"line":32,"column":30},"end":{"line":32,"column":31}},"loc":{"start":{"line":36,"column":22},"end":{"line":53,"column":1}},"line":36},"6":{"name":"(anonymous_6)","decl":{"start":{"line":37,"column":21},"end":{"line":37,"column":22}},"loc":{"start":{"line":37,"column":42},"end":{"line":52,"column":3}},"line":37},"7":{"name":"(anonymous_7)","decl":{"start":{"line":46,"column":12},"end":{"line":46,"column":13}},"loc":{"start":{"line":46,"column":18},"end":{"line":48,"column":7}},"line":46},"8":{"name":"(anonymous_8)","decl":{"start":{"line":49,"column":13},"end":{"line":49,"column":14}},"loc":{"start":{"line":49,"column":20},"end":{"line":51,"column":7}},"line":49},"9":{"name":"(anonymous_9)","decl":{"start":{"line":55,"column":30},"end":{"line":55,"column":31}},"loc":{"start":{"line":57,"column":34},"end":{"line":77,"column":1}},"line":57},"10":{"name":"(anonymous_10)","decl":{"start":{"line":58,"column":21},"end":{"line":58,"column":22}},"loc":{"start":{"line":58,"column":42},"end":{"line":76,"column":3}},"line":58},"11":{"name":"(anonymous_11)","decl":{"start":{"line":63,"column":12},"end":{"line":63,"column":13}},"loc":{"start":{"line":63,"column":20},"end":{"line":72,"column":7}},"line":63},"12":{"name":"(anonymous_12)","decl":{"start":{"line":73,"column":13},"end":{"line":73,"column":14}},"loc":{"start":{"line":73,"column":20},"end":{"line":75,"column":7}},"line":73},"13":{"name":"(anonymous_13)","decl":{"start":{"line":79,"column":24},"end":{"line":79,"column":25}},"loc":{"start":{"line":79,"column":67},"end":{"line":109,"column":1}},"line":79},"14":{"name":"(anonymous_14)","decl":{"start":{"line":80,"column":21},"end":{"line":80,"column":22}},"loc":{"start":{"line":80,"column":42},"end":{"line":108,"column":3}},"line":80},"15":{"name":"(anonymous_15)","decl":{"start":{"line":84,"column":12},"end":{"line":84,"column":13}},"loc":{"start":{"line":84,"column":20},"end":{"line":104,"column":7}},"line":84},"16":{"name":"(anonymous_16)","decl":{"start":{"line":85,"column":37},"end":{"line":85,"column":38}},"loc":{"start":{"line":85,"column":44},"end":{"line":85,"column":54}},"line":85},"17":{"name":"(anonymous_17)","decl":{"start":{"line":88,"column":39},"end":{"line":88,"column":40}},"loc":{"start":{"line":88,"column":48},"end":{"line":93,"column":11}},"line":88},"18":{"name":"(anonymous_18)","decl":{"start":{"line":95,"column":18},"end":{"line":95,"column":19}},"loc":{"start":{"line":95,"column":32},"end":{"line":97,"column":13}},"line":95},"19":{"name":"(anonymous_19)","decl":{"start":{"line":98,"column":19},"end":{"line":98,"column":20}},"loc":{"start":{"line":98,"column":26},"end":{"line":100,"column":13}},"line":98},"20":{"name":"(anonymous_20)","decl":{"start":{"line":105,"column":13},"end":{"line":105,"column":14}},"loc":{"start":{"line":105,"column":20},"end":{"line":107,"column":7}},"line":105},"21":{"name":"(anonymous_21)","decl":{"start":{"line":111,"column":37},"end":{"line":111,"column":38}},"loc":{"start":{"line":113,"column":36},"end":{"line":124,"column":1}},"line":113},"22":{"name":"(anonymous_22)","decl":{"start":{"line":114,"column":21},"end":{"line":114,"column":22}},"loc":{"start":{"line":114,"column":42},"end":{"line":123,"column":3}},"line":114},"23":{"name":"(anonymous_23)","decl":{"start":{"line":117,"column":12},"end":{"line":117,"column":13}},"loc":{"start":{"line":117,"column":50},"end":{"line":119,"column":7}},"line":117},"24":{"name":"(anonymous_24)","decl":{"start":{"line":120,"column":13},"end":{"line":120,"column":14}},"loc":{"start":{"line":120,"column":20},"end":{"line":122,"column":7}},"line":120},"25":{"name":"(anonymous_25)","decl":{"start":{"line":126,"column":41},"end":{"line":126,"column":42}},"loc":{"start":{"line":128,"column":36},"end":{"line":146,"column":1}},"line":128},"26":{"name":"(anonymous_26)","decl":{"start":{"line":129,"column":19},"end":{"line":129,"column":20}},"loc":{"start":{"line":129,"column":33},"end":{"line":145,"column":3}},"line":129},"27":{"name":"(anonymous_27)","decl":{"start":{"line":130,"column":23},"end":{"line":130,"column":24}},"loc":{"start":{"line":130,"column":34},"end":{"line":144,"column":5}},"line":130},"28":{"name":"(anonymous_28)","decl":{"start":{"line":135,"column":14},"end":{"line":135,"column":15}},"loc":{"start":{"line":135,"column":21},"end":{"line":140,"column":9}},"line":135},"29":{"name":"(anonymous_29)","decl":{"start":{"line":141,"column":15},"end":{"line":141,"column":16}},"loc":{"start":{"line":141,"column":22},"end":{"line":143,"column":9}},"line":141}},"branchMap":{"0":{"loc":{"start":{"line":8,"column":2},"end":{"line":14,"column":3}},"type":"if","locations":[{"start":{"line":8,"column":2},"end":{"line":14,"column":3}},{"start":{"line":10,"column":9},"end":{"line":14,"column":3}}],"line":8},"1":{"loc":{"start":{"line":10,"column":9},"end":{"line":14,"column":3}},"type":"if","locations":[{"start":{"line":10,"column":9},"end":{"line":14,"column":3}},{"start":{"line":12,"column":9},"end":{"line":14,"column":3}}],"line":10},"2":{"loc":{"start":{"line":65,"column":8},"end":{"line":71,"column":22}},"type":"if","locations":[{"start":{"line":65,"column":8},"end":{"line":71,"column":22}},{"start":{"line":71,"column":13},"end":{"line":71,"column":22}}],"line":65},"3":{"loc":{"start":{"line":87,"column":8},"end":{"line":103,"column":9}},"type":"if","locations":[{"start":{"line":87,"column":8},"end":{"line":103,"column":9}},{"start":{"line":101,"column":15},"end":{"line":103,"column":9}}],"line":87},"4":{"loc":{"start":{"line":87,"column":12},"end":{"line":87,"column":39}},"type":"binary-expr","locations":[{"start":{"line":87,"column":12},"end":{"line":87,"column":18}},{"start":{"line":87,"column":22},"end":{"line":87,"column":39}}],"line":87}},"s":{"0":1,"1":1,"2":1,"3":0,"4":1,"5":0,"6":1,"7":1,"8":0,"9":0,"10":0,"11":0,"12":1,"13":0,"14":0,"15":0,"16":0,"17":1,"18":0,"19":0,"20":0,"21":0,"22":0,"23":0,"24":0,"25":1,"26":0,"27":0,"28":0,"29":0,"30":0,"31":0,"32":0,"33":0,"34":0,"35":0,"36":0,"37":0,"38":1,"39":0,"40":0,"41":0,"42":0,"43":0,"44":1,"45":0,"46":0,"47":0,"48":0,"49":0,"50":0},"f":{"0":1,"1":0,"2":0,"3":0,"4":0,"5":0,"6":0,"7":0,"8":0,"9":0,"10":0,"11":0,"12":0,"13":0,"14":0,"15":0,"16":0,"17":0,"18":0,"19":0,"20":0,"21":0,"22":0,"23":0,"24":0,"25":0,"26":0,"27":0,"28":0,"29":0},"b":{"0":[0,1],"1":[0,1],"2":[0,0],"3":[0,0],"4":[0,0]},"_coverageSchema":"1a1c01bbd47fc00a2c39e90264f33305004495a9","hash":"d36c061e0e3568debd89dd914e14f1a029e2b893"}
}
