TN:
SF:src/Utility/index.tsx
FN:6,(anonymous_0)
FN:17,(anonymous_1)
FN:18,(anonymous_2)
FN:23,(anonymous_3)
FN:26,(anonymous_4)
FN:32,(anonymous_5)
FN:37,(anonymous_6)
FN:46,(anonymous_7)
FN:49,(anonymous_8)
FN:55,(anonymous_9)
FN:58,(anonymous_10)
FN:63,(anonymous_11)
FN:73,(anonymous_12)
FN:79,(anonymous_13)
FN:80,(anonymous_14)
FN:84,(anonymous_15)
FN:85,(anonymous_16)
FN:88,(anonymous_17)
FN:95,(anonymous_18)
FN:98,(anonymous_19)
FN:105,(anonymous_20)
FN:111,(anonymous_21)
FN:114,(anonymous_22)
FN:117,(anonymous_23)
FN:120,(anonymous_24)
FN:126,(anonymous_25)
FN:129,(anonymous_26)
FN:130,(anonymous_27)
FN:135,(anonymous_28)
FN:141,(anonymous_29)
FNF:30
FNH:1
FNDA:1,(anonymous_0)
FNDA:0,(anonymous_1)
FNDA:0,(anonymous_2)
FNDA:0,(anonymous_3)
FNDA:0,(anonymous_4)
FNDA:0,(anonymous_5)
FNDA:0,(anonymous_6)
FNDA:0,(anonymous_7)
FNDA:0,(anonymous_8)
FNDA:0,(anonymous_9)
FNDA:0,(anonymous_10)
FNDA:0,(anonymous_11)
FNDA:0,(anonymous_12)
FNDA:0,(anonymous_13)
FNDA:0,(anonymous_14)
FNDA:0,(anonymous_15)
FNDA:0,(anonymous_16)
FNDA:0,(anonymous_17)
FNDA:0,(anonymous_18)
FNDA:0,(anonymous_19)
FNDA:0,(anonymous_20)
FNDA:0,(anonymous_21)
FNDA:0,(anonymous_22)
FNDA:0,(anonymous_23)
FNDA:0,(anonymous_24)
FNDA:0,(anonymous_25)
FNDA:0,(anonymous_26)
FNDA:0,(anonymous_27)
FNDA:0,(anonymous_28)
FNDA:0,(anonymous_29)
DA:6,1
DA:7,1
DA:8,1
DA:9,0
DA:10,1
DA:11,0
DA:13,1
DA:17,1
DA:18,0
DA:19,0
DA:24,0
DA:27,0
DA:32,1
DA:37,0
DA:38,0
DA:47,0
DA:50,0
DA:55,1
DA:58,0
DA:59,0
DA:64,0
DA:65,0
DA:66,0
DA:71,0
DA:74,0
DA:79,1
DA:80,0
DA:81,0
DA:85,0
DA:87,0
DA:88,0
DA:94,0
DA:96,0
DA:99,0
DA:102,0
DA:106,0
DA:111,1
DA:114,0
DA:115,0
DA:116,0
DA:118,0
DA:121,0
DA:126,1
DA:129,0
DA:130,0
DA:131,0
DA:132,0
DA:136,0
DA:142,0
LF:49
LH:11
BRDA:8,0,0,0
BRDA:8,0,1,1
BRDA:10,1,0,0
BRDA:10,1,1,1
BRDA:65,2,0,0
BRDA:65,2,1,0
BRDA:87,3,0,0
BRDA:87,3,1,0
BRDA:87,4,0,0
BRDA:87,4,1,0
BRF:10
BRH:2
end_of_record
