TN:
SF:src/Utility/index.tsx
FN:6,(anonymous_0)
FN:17,(anonymous_1)
FN:18,(anonymous_2)
FN:23,(anonymous_3)
FN:26,(anonymous_4)
FN:32,(anonymous_5)
FN:37,(anonymous_6)
FN:56,(anonymous_7)
FN:59,(anonymous_8)
FN:65,(anonymous_9)
FN:68,(anonymous_10)
FN:76,(anonymous_11)
FN:86,(anonymous_12)
FN:92,(anonymous_13)
FN:93,(anonymous_14)
FN:97,(anonymous_15)
FN:98,(anonymous_16)
FN:101,(anonymous_17)
FN:108,(anonymous_18)
FN:111,(anonymous_19)
FN:118,(anonymous_20)
FN:124,(anonymous_21)
FN:127,(anonymous_22)
FN:130,(anonymous_23)
FN:133,(anonymous_24)
FN:139,(anonymous_25)
FN:142,(anonymous_26)
FN:143,(anonymous_27)
FN:148,(anonymous_28)
FN:154,(anonymous_29)
FNF:30
FNH:7
FNDA:4,(anonymous_0)
FNDA:0,(anonymous_1)
FNDA:0,(anonymous_2)
FNDA:0,(anonymous_3)
FNDA:0,(anonymous_4)
FNDA:4,(anonymous_5)
FNDA:4,(anonymous_6)
FNDA:1,(anonymous_7)
FNDA:0,(anonymous_8)
FNDA:4,(anonymous_9)
FNDA:4,(anonymous_10)
FNDA:3,(anonymous_11)
FNDA:0,(anonymous_12)
FNDA:0,(anonymous_13)
FNDA:0,(anonymous_14)
FNDA:0,(anonymous_15)
FNDA:0,(anonymous_16)
FNDA:0,(anonymous_17)
FNDA:0,(anonymous_18)
FNDA:0,(anonymous_19)
FNDA:0,(anonymous_20)
FNDA:0,(anonymous_21)
FNDA:0,(anonymous_22)
FNDA:0,(anonymous_23)
FNDA:0,(anonymous_24)
FNDA:0,(anonymous_25)
FNDA:0,(anonymous_26)
FNDA:0,(anonymous_27)
FNDA:0,(anonymous_28)
FNDA:0,(anonymous_29)
DA:6,1
DA:7,4
DA:8,4
DA:9,2
DA:10,2
DA:11,1
DA:13,1
DA:17,1
DA:18,0
DA:19,0
DA:24,0
DA:27,0
DA:32,1
DA:37,4
DA:38,4
DA:46,3
DA:48,1
DA:57,1
DA:60,0
DA:65,1
DA:68,4
DA:69,4
DA:70,1
DA:72,3
DA:77,3
DA:78,3
DA:79,2
DA:84,1
DA:87,0
DA:92,1
DA:93,0
DA:94,0
DA:98,0
DA:100,0
DA:101,0
DA:107,0
DA:109,0
DA:112,0
DA:115,0
DA:119,0
DA:124,1
DA:127,0
DA:128,0
DA:129,0
DA:131,0
DA:134,0
DA:139,1
DA:142,0
DA:143,0
DA:144,0
DA:145,0
DA:149,0
DA:155,0
LF:53
LH:26
BRDA:8,0,0,2
BRDA:8,0,1,2
BRDA:10,1,0,1
BRDA:10,1,1,1
BRDA:38,2,0,3
BRDA:38,2,1,1
BRDA:39,3,0,4
BRDA:39,3,1,3
BRDA:39,3,2,3
BRDA:39,3,3,3
BRDA:39,3,4,2
BRDA:39,3,5,1
BRDA:69,4,0,1
BRDA:69,4,1,3
BRDA:69,5,0,4
BRDA:69,5,1,3
BRDA:78,6,0,2
BRDA:78,6,1,1
BRDA:100,7,0,0
BRDA:100,7,1,0
BRDA:100,8,0,0
BRDA:100,8,1,0
BRF:22
BRH:18
end_of_record
